-------------------------------------------------------------------------------
Test set: ml.jufa.backend.integration.AuthApiIntegrationTest
-------------------------------------------------------------------------------
Tests run: 7, Failures: 4, Errors: 1, Skipped: 0, Time elapsed: 0.823 s <<< FAILURE! -- in ml.jufa.backend.integration.AuthApiIntegrationTest
ml.jufa.backend.integration.AuthApiIntegrationTest.shouldRegisterNewUser -- Time elapsed: 0.254 s <<< FAILURE!
java.lang.AssertionError: Status expected:<200> but was:<201>
	at org.springframework.test.util.AssertionErrors.fail(AssertionErrors.java:59)
	at org.springframework.test.util.AssertionErrors.assertEquals(AssertionErrors.java:122)
	at org.springframework.test.web.servlet.result.StatusResultMatchers.lambda$matcher$9(StatusResultMatchers.java:637)
	at org.springframework.test.web.servlet.MockMvc$1.andExpect(MockMvc.java:214)
	at ml.jufa.backend.integration.AuthApiIntegrationTest.shouldRegisterNewUser(AuthApiIntegrationTest.java:50)
	at java.base/java.lang.reflect.Method.invoke(Method.java:569)
	at java.base/java.util.ArrayList.forEach(ArrayList.java:1511)
	at java.base/java.util.ArrayList.forEach(ArrayList.java:1511)

ml.jufa.backend.integration.AuthApiIntegrationTest.shouldRejectUnverifiedUser -- Time elapsed: 0.306 s <<< FAILURE!
java.lang.AssertionError: Status expected:<400> but was:<500>
	at org.springframework.test.util.AssertionErrors.fail(AssertionErrors.java:59)
	at org.springframework.test.util.AssertionErrors.assertEquals(AssertionErrors.java:122)
	at org.springframework.test.web.servlet.result.StatusResultMatchers.lambda$matcher$9(StatusResultMatchers.java:637)
	at org.springframework.test.web.servlet.MockMvc$1.andExpect(MockMvc.java:214)
	at ml.jufa.backend.integration.AuthApiIntegrationTest.shouldRejectUnverifiedUser(AuthApiIntegrationTest.java:90)
	at java.base/java.lang.reflect.Method.invoke(Method.java:569)
	at java.base/java.util.ArrayList.forEach(ArrayList.java:1511)
	at java.base/java.util.ArrayList.forEach(ArrayList.java:1511)

ml.jufa.backend.integration.AuthApiIntegrationTest.shouldRejectInvalidOtp -- Time elapsed: 0.001 s <<< ERROR!
java.lang.NullPointerException: Cannot invoke "String.length()" because "name" is null
	at java.base/java.util.UUID.fromString(UUID.java:237)
	at ml.jufa.backend.integration.AuthApiIntegrationTest.shouldRejectInvalidOtp(AuthApiIntegrationTest.java:98)
	at java.base/java.lang.reflect.Method.invoke(Method.java:569)
	at java.base/java.util.ArrayList.forEach(ArrayList.java:1511)
	at java.base/java.util.ArrayList.forEach(ArrayList.java:1511)

ml.jufa.backend.integration.AuthApiIntegrationTest.shouldLoginVerifiedUser -- Time elapsed: 0.242 s <<< FAILURE!
java.lang.AssertionError: Status expected:<200> but was:<201>
	at org.springframework.test.util.AssertionErrors.fail(AssertionErrors.java:59)
	at org.springframework.test.util.AssertionErrors.assertEquals(AssertionErrors.java:122)
	at org.springframework.test.web.servlet.result.StatusResultMatchers.lambda$matcher$9(StatusResultMatchers.java:637)
	at org.springframework.test.web.servlet.MockMvc$1.andExpect(MockMvc.java:214)
	at ml.jufa.backend.integration.AuthApiIntegrationTest.shouldLoginVerifiedUser(AuthApiIntegrationTest.java:121)
	at java.base/java.lang.reflect.Method.invoke(Method.java:569)
	at java.base/java.util.ArrayList.forEach(ArrayList.java:1511)
	at java.base/java.util.ArrayList.forEach(ArrayList.java:1511)

ml.jufa.backend.integration.AuthApiIntegrationTest.shouldRejectInvalidRefreshToken -- Time elapsed: 0.006 s <<< FAILURE!
java.lang.AssertionError: Status expected:<400> but was:<500>
	at org.springframework.test.util.AssertionErrors.fail(AssertionErrors.java:59)
	at org.springframework.test.util.AssertionErrors.assertEquals(AssertionErrors.java:122)
	at org.springframework.test.web.servlet.result.StatusResultMatchers.lambda$matcher$9(StatusResultMatchers.java:637)
	at org.springframework.test.web.servlet.MockMvc$1.andExpect(MockMvc.java:214)
	at ml.jufa.backend.integration.AuthApiIntegrationTest.shouldRejectInvalidRefreshToken(AuthApiIntegrationTest.java:143)
	at java.base/java.lang.reflect.Method.invoke(Method.java:569)
	at java.base/java.util.ArrayList.forEach(ArrayList.java:1511)
	at java.base/java.util.ArrayList.forEach(ArrayList.java:1511)

