-------------------------------------------------------------------------------
Test set: ml.jufa.backend.integration.WalletApiIntegrationTest
-------------------------------------------------------------------------------
Tests run: 6, Failures: 2, Errors: 0, Skipped: 0, Time elapsed: 6.120 s <<< FAILURE! -- in ml.jufa.backend.integration.WalletApiIntegrationTest
ml.jufa.backend.integration.WalletApiIntegrationTest.shouldRejectUnauthorizedRequest -- Time elapsed: 0.007 s <<< FAILURE!
java.lang.AssertionError: Status expected:<401> but was:<403>
	at org.springframework.test.util.AssertionErrors.fail(AssertionErrors.java:59)
	at org.springframework.test.util.AssertionErrors.assertEquals(AssertionErrors.java:122)
	at org.springframework.test.web.servlet.result.StatusResultMatchers.lambda$matcher$9(StatusResultMatchers.java:637)
	at org.springframework.test.web.servlet.MockMvc$1.andExpect(MockMvc.java:214)
	at ml.jufa.backend.integration.WalletApiIntegrationTest.shouldRejectUnauthorizedRequest(WalletApiIntegrationTest.java:115)
	at java.base/java.lang.reflect.Method.invoke(Method.java:569)
	at java.base/java.util.ArrayList.forEach(ArrayList.java:1511)
	at java.base/java.util.ArrayList.forEach(ArrayList.java:1511)

ml.jufa.backend.integration.WalletApiIntegrationTest.shouldRejectInvalidToken -- Time elapsed: 0.005 s <<< FAILURE!
java.lang.AssertionError: Status expected:<401> but was:<403>
	at org.springframework.test.util.AssertionErrors.fail(AssertionErrors.java:59)
	at org.springframework.test.util.AssertionErrors.assertEquals(AssertionErrors.java:122)
	at org.springframework.test.web.servlet.result.StatusResultMatchers.lambda$matcher$9(StatusResultMatchers.java:637)
	at org.springframework.test.web.servlet.MockMvc$1.andExpect(MockMvc.java:214)
	at ml.jufa.backend.integration.WalletApiIntegrationTest.shouldRejectInvalidToken(WalletApiIntegrationTest.java:124)
	at java.base/java.lang.reflect.Method.invoke(Method.java:569)
	at java.base/java.util.ArrayList.forEach(ArrayList.java:1511)
	at java.base/java.util.ArrayList.forEach(ArrayList.java:1511)

