<?xml version="1.0" encoding="UTF-8"?>
<testsuite xmlns:xsi="http://www.w3.org/2001/XMLSchema-instance" xsi:noNamespaceSchemaLocation="https://maven.apache.org/surefire/maven-surefire-plugin/xsd/surefire-test-report-3.0.xsd" version="3.0" name="ml.jufa.backend.integration.WalletApiIntegrationTest" time="6.12" tests="6" errors="0" skipped="0" failures="2">
  <properties>
[...]
</properties>
  <testcase name="shouldReturnUserWallets" classname="ml.jufa.backend.integration.WalletApiIntegrationTest" time="0.145">
    <system-out><![CDATA[Standard Commons Logging discovery in action with spring-jcl: please remove commons-logging.jar from classpath in order to avoid potential conflicts
12:25:11.370 [main] INFO org.springframework.test.context.support.AnnotationConfigContextLoaderUtils -- Could not detect default configuration classes for test class [ml.jufa.backend.integration.WalletApiIntegrationTest]: WalletApiIntegrationTest does not declare any static, non-private, non-final, nested classes annotated with @Configuration.
12:25:11.471 [main] INFO org.springframework.boot.test.context.SpringBootTestContextBootstrapper -- Found @SpringBootConfiguration ml.jufa.backend.JufaBackendApplication for test class ml.jufa.backend.integration.WalletApiIntegrationTest
12:25:11.566 [main] INFO org.springframework.boot.devtools.restart.RestartApplicationListener -- Restart disabled due to context in which it is running

  .   ____          _            __ _ _
 /\\ / ___'_ __ _ _(_)_ __  __ _ \ \ \ \
( ( )\___ | '_ | '_| | '_ \/ _` | \ \ \ \
 \\/  ___)| |_)| | | | | || (_| |  ) ) ) )
  '  |____| .__|_| |_|_| |_\__, | / / / /
 =========|_|==============|___/=/_/_/_/
 :: Spring Boot ::                (v3.2.2)

2026-01-18T12:25:11.702Z  INFO 66100 --- [jufa-backend] [           main] m.j.b.i.WalletApiIntegrationTest         : Starting WalletApiIntegrationTest using Java 17.0.14 with PID 66100 (started by cheickabdoulkadira.kounta in /Users/cheickabdoulkadira.kounta/StudioProjects/PEL2026/JUFA/backend/jufa-backend)
2026-01-18T12:25:11.702Z DEBUG 66100 --- [jufa-backend] [           main] m.j.b.i.WalletApiIntegrationTest         : Running with Spring Boot v3.2.2, Spring v6.1.3
2026-01-18T12:25:11.702Z  INFO 66100 --- [jufa-backend] [           main] m.j.b.i.WalletApiIntegrationTest         : The following 1 profile is active: "test"
2026-01-18T12:25:13.239Z  WARN 66100 --- [jufa-backend] [           main] org.hibernate.orm.deprecation            : HHH90000025: H2Dialect does not need to be specified explicitly using 'hibernate.dialect' (remove the property setting and it will be selected by default)
2026-01-18T12:25:14.913Z  INFO 66100 --- [jufa-backend] [           main] m.j.b.n.config.FirebaseConfig            : Firebase initialized successfully
2026-01-18T12:25:15.609Z  WARN 66100 --- [jufa-backend] [           main] JpaBaseConfiguration$JpaWebConfiguration : spring.jpa.open-in-view is enabled by default. Therefore, database queries may be performed during view rendering. Explicitly configure spring.jpa.open-in-view to disable this warning
2026-01-18T12:25:16.081Z  INFO 66100 --- [jufa-backend] [           main] o.s.s.web.DefaultSecurityFilterChain     : Will secure any request with [org.springframework.security.web.session.DisableEncodeUrlFilter@198d053d, org.springframework.security.web.context.request.async.WebAsyncManagerIntegrationFilter@64945559, org.springframework.security.web.context.SecurityContextHolderFilter@1c0d0745, org.springframework.security.web.header.HeaderWriterFilter@66ed78b3, org.springframework.web.filter.CorsFilter@ba255d4, org.springframework.security.web.authentication.logout.LogoutFilter@79afef54, ml.jufa.backend.security.filter.JwtAuthenticationFilter@38f9e69b, org.springframework.security.web.savedrequest.RequestCacheAwareFilter@14696841, org.springframework.security.web.servletapi.SecurityContextHolderAwareRequestFilter@1dac05d1, org.springframework.security.web.authentication.AnonymousAuthenticationFilter@23de4cdd, org.springframework.security.web.session.SessionManagementFilter@71e8e8b4, org.springframework.security.web.access.ExceptionTranslationFilter@2e2fdb8c, org.springframework.security.web.access.intercept.AuthorizationFilter@13d50250]
2026-01-18T12:25:16.524Z DEBUG 66100 --- [jufa-backend] [           main] m.j.b.s.filter.JwtAuthenticationFilter   : Filter 'jwtAuthenticationFilter' configured for use
2026-01-18T12:25:16.570Z  INFO 66100 --- [jufa-backend] [           main] m.j.b.i.WalletApiIntegrationTest         : Started WalletApiIntegrationTest in 5.013 seconds (process running for 6.674)
2026-01-18T12:25:16.978Z DEBUG 66100 --- [jufa-backend] [           main] o.s.security.web.FilterChainProxy        : Securing GET /v1/wallets
2026-01-18T12:25:17.023Z DEBUG 66100 --- [jufa-backend] [           main] o.s.security.web.FilterChainProxy        : Secured GET /v1/wallets
]]></system-out>
  </testcase>
  <testcase name="shouldReturnWalletById" classname="ml.jufa.backend.integration.WalletApiIntegrationTest" time="0.011">
    <system-out><![CDATA[2026-01-18T12:25:17.105Z DEBUG 66100 --- [jufa-backend] [           main] o.s.security.web.FilterChainProxy        : Securing GET /v1/wallets/8dc00ec4-dd9e-424e-b77f-22fa08c04af7
2026-01-18T12:25:17.108Z DEBUG 66100 --- [jufa-backend] [           main] o.s.security.web.FilterChainProxy        : Secured GET /v1/wallets/8dc00ec4-dd9e-424e-b77f-22fa08c04af7
]]></system-out>
  </testcase>
  <testcase name="shouldRejectUnauthorizedRequest" classname="ml.jufa.backend.integration.WalletApiIntegrationTest" time="0.007">
    <failure message="Status expected:&lt;401&gt; but was:&lt;403&gt;" type="java.lang.AssertionError"><![CDATA[java.lang.AssertionError: Status expected:<401> but was:<403>
	at org.springframework.test.util.AssertionErrors.fail(AssertionErrors.java:59)
	at org.springframework.test.util.AssertionErrors.assertEquals(AssertionErrors.java:122)
	at org.springframework.test.web.servlet.result.StatusResultMatchers.lambda$matcher$9(StatusResultMatchers.java:637)
	at org.springframework.test.web.servlet.MockMvc$1.andExpect(MockMvc.java:214)
	at ml.jufa.backend.integration.WalletApiIntegrationTest.shouldRejectUnauthorizedRequest(WalletApiIntegrationTest.java:115)
	at java.base/java.lang.reflect.Method.invoke(Method.java:569)
	at java.base/java.util.ArrayList.forEach(ArrayList.java:1511)
	at java.base/java.util.ArrayList.forEach(ArrayList.java:1511)
]]></failure>
    <system-out><![CDATA[2026-01-18T12:25:17.118Z DEBUG 66100 --- [jufa-backend] [           main] o.s.security.web.FilterChainProxy        : Securing GET /v1/wallets
2026-01-18T12:25:17.118Z DEBUG 66100 --- [jufa-backend] [           main] o.s.s.w.a.AnonymousAuthenticationFilter  : Set SecurityContextHolder to anonymous SecurityContext
2026-01-18T12:25:17.120Z DEBUG 66100 --- [jufa-backend] [           main] o.s.s.w.a.Http403ForbiddenEntryPoint     : Pre-authenticated entry point called. Rejecting access

MockHttpServletRequest:
      HTTP Method = GET
      Request URI = /v1/wallets
       Parameters = {}
          Headers = []
             Body = null
    Session Attrs = {}

Handler:
             Type = null

Async:
    Async started = false
     Async result = null

Resolved Exception:
             Type = null

ModelAndView:
        View name = null
             View = null
            Model = null

FlashMap:
       Attributes = null

MockHttpServletResponse:
           Status = 403
    Error message = Access Denied
          Headers = [Vary:"Origin", "Access-Control-Request-Method", "Access-Control-Request-Headers", X-Content-Type-Options:"nosniff", X-XSS-Protection:"0", Cache-Control:"no-cache, no-store, max-age=0, must-revalidate", Pragma:"no-cache", Expires:"0"]
     Content type = null
             Body = 
    Forwarded URL = null
   Redirected URL = null
          Cookies = []
]]></system-out>
  </testcase>
  <testcase name="shouldRejectInvalidToken" classname="ml.jufa.backend.integration.WalletApiIntegrationTest" time="0.005">
    <failure message="Status expected:&lt;401&gt; but was:&lt;403&gt;" type="java.lang.AssertionError"><![CDATA[java.lang.AssertionError: Status expected:<401> but was:<403>
	at org.springframework.test.util.AssertionErrors.fail(AssertionErrors.java:59)
	at org.springframework.test.util.AssertionErrors.assertEquals(AssertionErrors.java:122)
	at org.springframework.test.web.servlet.result.StatusResultMatchers.lambda$matcher$9(StatusResultMatchers.java:637)
	at org.springframework.test.web.servlet.MockMvc$1.andExpect(MockMvc.java:214)
	at ml.jufa.backend.integration.WalletApiIntegrationTest.shouldRejectInvalidToken(WalletApiIntegrationTest.java:124)
	at java.base/java.lang.reflect.Method.invoke(Method.java:569)
	at java.base/java.util.ArrayList.forEach(ArrayList.java:1511)
	at java.base/java.util.ArrayList.forEach(ArrayList.java:1511)
]]></failure>
    <system-out><![CDATA[2026-01-18T12:25:17.127Z DEBUG 66100 --- [jufa-backend] [           main] o.s.security.web.FilterChainProxy        : Securing GET /v1/wallets
2026-01-18T12:25:17.127Z ERROR 66100 --- [jufa-backend] [           main] m.j.b.security.jwt.JwtTokenProvider      : Invalid JWT token: Invalid compact JWT string: Compact JWSs must contain exactly 2 period characters, and compact JWEs must contain exactly 4.  Found: 0
2026-01-18T12:25:17.128Z DEBUG 66100 --- [jufa-backend] [           main] o.s.s.w.a.AnonymousAuthenticationFilter  : Set SecurityContextHolder to anonymous SecurityContext
2026-01-18T12:25:17.128Z DEBUG 66100 --- [jufa-backend] [           main] o.s.s.w.a.Http403ForbiddenEntryPoint     : Pre-authenticated entry point called. Rejecting access

MockHttpServletRequest:
      HTTP Method = GET
      Request URI = /v1/wallets
       Parameters = {}
          Headers = [Authorization:"Bearer invalid-token"]
             Body = null
    Session Attrs = {}

Handler:
             Type = null

Async:
    Async started = false
     Async result = null

Resolved Exception:
             Type = null

ModelAndView:
        View name = null
             View = null
            Model = null

FlashMap:
       Attributes = null

MockHttpServletResponse:
           Status = 403
    Error message = Access Denied
          Headers = [Vary:"Origin", "Access-Control-Request-Method", "Access-Control-Request-Headers", X-Content-Type-Options:"nosniff", X-XSS-Protection:"0", Cache-Control:"no-cache, no-store, max-age=0, must-revalidate", Pragma:"no-cache", Expires:"0"]
     Content type = null
             Body = 
    Forwarded URL = null
   Redirected URL = null
          Cookies = []
]]></system-out>
  </testcase>
  <testcase name="shouldRejectAccessToOtherUserWallet" classname="ml.jufa.backend.integration.WalletApiIntegrationTest" time="0.252">
    <system-out><![CDATA[2026-01-18T12:25:17.374Z DEBUG 66100 --- [jufa-backend] [           main] o.s.security.web.FilterChainProxy        : Securing GET /v1/wallets/11226f72-cfec-4ca5-8460-c2c50b779c54
2026-01-18T12:25:17.376Z DEBUG 66100 --- [jufa-backend] [           main] o.s.security.web.FilterChainProxy        : Secured GET /v1/wallets/11226f72-cfec-4ca5-8460-c2c50b779c54
2026-01-18T12:25:17.379Z ERROR 66100 --- [jufa-backend] [           main] m.j.b.c.e.GlobalExceptionHandler         : JufaException: JUFA-WALLET-002 - Access denied to this wallet
]]></system-out>
  </testcase>
  <testcase name="shouldReturn400ForNonExistentWallet" classname="ml.jufa.backend.integration.WalletApiIntegrationTest" time="0.008">
    <system-out><![CDATA[2026-01-18T12:25:17.384Z DEBUG 66100 --- [jufa-backend] [           main] o.s.security.web.FilterChainProxy        : Securing GET /v1/wallets/35ce112b-e27f-41ff-9d1c-e7f7cd5b62be
2026-01-18T12:25:17.387Z DEBUG 66100 --- [jufa-backend] [           main] o.s.security.web.FilterChainProxy        : Secured GET /v1/wallets/35ce112b-e27f-41ff-9d1c-e7f7cd5b62be
2026-01-18T12:25:17.388Z ERROR 66100 --- [jufa-backend] [           main] m.j.b.c.e.GlobalExceptionHandler         : JufaException: JUFA-WALLET-001 - Wallet not found
]]></system-out>
  </testcase>
</testsuite>