Flutter crash report.
Please report a bug at https://github.com/flutter/flutter/issues.

## command

flutter run -t lib/main_agent.dart -d chrome

## exception

FileSystemException: FileSystemException: Cannot open file, path = '/Users/geilanyabdatykounta/Desktop/jufa_mvp/.dart_tool/chrome-device/Default/preferences' (OS Error: Operation timed out, errno = 60)

```
#0      _File.throwIfError (dart:io/file_impl.dart:783:7)
#1      _File.openSync (dart:io/file_impl.dart:576:5)
#2      _File.writeAsBytesSync (dart:io/file_impl.dart:748:31)
#3      _File.writeAsStringSync (dart:io/file_impl.dart:776:5)
#4      ForwardingFile.writeAsStringSync (package:file/src/forwarding/forwarding_file.dart:150:16)
#5      ErrorHandlingFile.writeAsStringSync.<anonymous closure> (package:flutter_tools/src/base/error_handling_io.dart:254:22)
#6      _runSync (package:flutter_tools/src/base/error_handling_io.dart:552:14)
#7      ErrorHandlingFile.writeAsStringSync (package:flutter_tools/src/base/error_handling_io.dart:253:5)
#8      ChromiumLauncher._cacheUserSessionInformation (package:flutter_tools/src/web/chrome.dart:408:29)
#9      ChromiumLauncher.launch.<anonymous closure> (package:flutter_tools/src/web/chrome.dart:241:11)
#10     _rootRun (dart:async/zone.dart:1517:47)
#11     _CustomZone.run (dart:async/zone.dart:1422:19)
#12     _FutureListener.handleWhenComplete (dart:async/future_impl.dart:272:18)
#13     Future._propagateToListeners.handleWhenCompleteCallback (dart:async/future_impl.dart:909:39)
#14     Future._propagateToListeners (dart:async/future_impl.dart:974:11)
#15     Future._propagateToListeners (dart:async/future_impl.dart:862:9)
#16     Future._completeWithValue (dart:async/future_impl.dart:720:5)
#17     Future._asyncCompleteWithValue.<anonymous closure> (dart:async/future_impl.dart:804:7)
#18     _rootRun (dart:async/zone.dart:1525:13)
#19     _CustomZone.run (dart:async/zone.dart:1422:19)
#20     _CustomZone.runGuarded (dart:async/zone.dart:1321:7)
#21     _CustomZone.bindCallbackGuarded.<anonymous closure> (dart:async/zone.dart:1362:23)
#22     _microtaskLoop (dart:async/schedule_microtask.dart:40:35)
#23     _startMicrotaskLoop (dart:async/schedule_microtask.dart:49:5)
#24     _runPendingImmediateCallback (dart:isolate-patch/isolate_patch.dart:127:13)
#25     _RawReceivePort._handleMessage (dart:isolate-patch/isolate_patch.dart:194:5)
```

## flutter doctor

```
[32m[âœ“][39m Flutter (Channel stable, 3.35.6, on macOS 26.1 25B78 darwin-arm64, locale fr-FR) [546ms]
    [32mâ€¢[39m Flutter version 3.35.6 on channel stable at /opt/homebrew/share/flutter
    [32mâ€¢[39m Upstream repository https://github.com/flutter/flutter.git
    [32mâ€¢[39m Framework revision 9f455d2486 (2 months ago), 2025-10-08 14:55:31 -0500
    [32mâ€¢[39m Engine revision d2913632a4
    [32mâ€¢[39m Dart version 3.9.2
    [32mâ€¢[39m DevTools version 2.48.0
    [32mâ€¢[39m Feature flags: enable-web, enable-linux-desktop, enable-macos-desktop,
      enable-windows-desktop, enable-android, enable-ios, cli-animations, enable-lldb-debugging

[31m[â˜ ][39m Android toolchain - develop for Android devices (the doctor check crashed)
    [31mâœ—[39m Due to an error, the doctor check did not complete. If the error message below is not
      helpful, please let us know about this issue at https://github.com/flutter/flutter/issues.
    [31mâœ—[39m Exception: Android toolchain - develop for Android devices exceeded maximum allowed
      duration of 0:04:30.000000
    [32mâ€¢[39m 

[31m[â˜ ][39m Xcode - develop for iOS and macOS (the doctor check crashed)
    [31mâœ—[39m Due to an error, the doctor check did not complete. If the error message below is not
      helpful, please let us know about this issue at https://github.com/flutter/flutter/issues.
    [31mâœ—[39m Exception: Xcode - develop for iOS and macOS exceeded maximum allowed duration of
      0:04:30.000000
    [32mâ€¢[39m 

[32m[âœ“][39m Chrome - develop for the web [32ms]
    [32mâ€¢[39m Chrome at /Applications/Google Chrome.app/Contents/MacOS/Google Chrome

[33m[!][39m Android Studio (not installed) [32ms]
    [32mâ€¢[39m Android Studio not found; download from https://developer.android.com/studio/index.html
      (or visit https://flutter.dev/to/macos-android-setup for detailed instructions).

[32m[âœ“][39m Connected device (2 available) [160ms]
    [32mâ€¢[39m macOS (desktop) â€¢ macos  â€¢ darwin-arm64   â€¢ macOS 26.1 25B78 darwin-arm64
    [32mâ€¢[39m Chrome (web)    â€¢ chrome â€¢ web-javascript â€¢ Google Chrome 143.0.7499.169

[33m[!][39m Network resources [67ms]
    [31mâœ—[39m A network error occurred while checking "https://pub.dev/": Failed host lookup: 'pub.dev'
    [31mâœ—[39m A network error occurred while checking "https://storage.googleapis.com/": Failed host
      lookup: 'storage.googleapis.com'
    [31mâœ—[39m A network error occurred while checking "https://maven.google.com/": Failed host lookup:
      'maven.google.com'
    [31mâœ—[39m A network error occurred while checking "https://cocoapods.org/": Failed host lookup:
      'cocoapods.org'
    [31mâœ—[39m A network error occurred while checking "https://github.com/": Failed host lookup:
      'github.com'

[33m![39m Doctor found issues in 4 categories.
```
